<?xml version="1.0" encoding="UTF-8"?>
<!-- Generated by org.testng.reporters.JUnitReportReporter -->
<testsuite hostname="user-PC" failures="0" tests="1" name="Automation.Providers" time="0.006" errors="0" timestamp="2021-02-18T19:20:19 EST" skipped="0">
  <testcase classname="Automation.Providers" name="f666" time="0.006"/>
  <system-out/>
</testsuite> <!-- Automation.Providers -->
