<?xml version="1.0" encoding="UTF-8"?>
<!-- Generated by org.testng.reporters.JUnitReportReporter -->
<testsuite hostname="user-PC" failures="0" tests="1" name="Automation.NewTestApi" time="4.359" errors="0" timestamp="2021-03-05T19:50:29 EST" skipped="0">
  <testcase classname="Automation.NewTestApi" name="PostOfMethod" time="4.359"/>
  <system-out/>
</testsuite> <!-- Automation.NewTestApi -->
